A51 MACRO ASSEMBLER  TEXT2                                                                03/12/2017 23:51:17 PAGE     1


MACRO ASSEMBLER A51 V8.01
OBJECT MODULE PLACED IN Text2.OBJ
ASSEMBLER INVOKED BY: Z:\C51\BIN\A51.EXE Text2.ASM SET(SMALL) DEBUG EP

LOC  OBJ            LINE     SOURCE

0000                   1     ORG 0H
0000 802E              2             SJMP 30H
0030                   3     ORG 30H
0030 E522              4             MOV A,22H
0032 8521F0            5             MOV B,21H
0035 A4                6             MUL AB
0036 A9F0              7             MOV R1,B
0038 F543              8             MOV 43H,A
003A E522              9             MOV A,22H
003C 8520F0           10             MOV B,20H
003F A4               11             MUL AB
0040 29               12             ADD A,R1
0041 FA               13             MOV R2,A
0042 7400             14             MOV A,#00
0044 35F0             15             ADDC A,B
0046 FB               16             MOV R3,A
0047 E523             17             MOV A,23H
0049 8521F0           18             MOV B,21H
004C A4               19             MUL AB
004D FC               20             MOV R4,A
004E ADF0             21             MOV R5,B
0050 E523             22             MOV A,23H
0052 8520F0           23             MOV B,20H
0055 A4               24             MUL AB
0056 2D               25             ADD A,R5
0057 FD               26             MOV R5,A
0058 7400             27             MOV A,#00
005A 35F0             28             ADDC A,B
005C FE               29             MOV R6,A
005D EA               30             MOV A,R2
005E 2C               31             ADD A,R4
005F F542             32             MOV 42H,A
0061 EB               33             MOV A,R3
0062 3D               34             ADDC A,R5
0063 F541             35             MOV 41H,A
0065 7400             36             MOV A,#00
0067 3E               37             ADDC A,R6
0068 F540             38             MOV 40H,A
006A 80FE             39     LP:SJMP LP
                      40     END
A51 MACRO ASSEMBLER  TEXT2                                                                03/12/2017 23:51:17 PAGE     2

SYMBOL TABLE LISTING
------ ----- -------


N A M E             T Y P E  V A L U E   ATTRIBUTES

B. . . . . . . . .  D ADDR   00F0H   A   
LP . . . . . . . .  C ADDR   006AH   A   


REGISTER BANK(S) USED: 0 


ASSEMBLY COMPLETE.  0 WARNING(S), 0 ERROR(S)
